<?xml version="1.0" encoding="UTF-8"?>
<testsuite xmlns:xsi="http://www.w3.org/2001/XMLSchema-instance" xsi:noNamespaceSchemaLocation="https://maven.apache.org/surefire/maven-surefire-plugin/xsd/surefire-test-report.xsd" name="TestSuite" time="34.215" tests="6" errors="0" skipped="0" failures="0">
  <properties>
[...]
</properties>
  <testcase name="runScenario" classname="runner.TestRunner" time="10.716"/>
  <testcase name="runScenario" classname="runner.TestRunner" time="0.01"/>
  <testcase name="runScenario" classname="runner.TestRunner" time="0.008"/>
  <testcase name="runScenario" classname="runner.TestRunner" time="0.503"/>
  <testcase name="runScenario" classname="runner.TestRunner" time="18.333"/>
  <testcase name="runScenario" classname="runner.TestRunner" time="18.753"/>
</testsuite>